2016-06-21 22:37:20,868 DEBUG FiniteStateAutomation:59 - current command: GO
2016-06-21 22:37:20,874 INFO  FiniteStateAutomation:92 - execute GO
2016-06-21 22:37:20,874 INFO  TradeBlotter:127 - data updating...
2016-06-21 22:37:20,974 DEBUG TradeBlotter:137 - new market data: 49.73 29 49.74 13 50.33 37 50.34 4
2016-06-21 22:37:20,974 INFO  TradeBlotter:145 - position updating...
2016-06-21 22:37:21,175 DEBUG TradeBlotter:148 - pos n and f: 0 0
2016-06-21 22:37:21,175 DEBUG FiniteStateAutomation:97 - market and pos data updated
2016-06-21 22:37:21,175 DEBUG FiniteStateAutomation:98 - is pos equal: + 0 0 true
2016-06-21 22:37:21,175 DEBUG PositionWatcher:29 - cur values before update: 0 0
2016-06-21 22:37:21,175 DEBUG PositionWatcher:31 - cur values after update: 0 0
2016-06-21 22:37:21,175 DEBUG PositionWatcher:47 - prev values before update: 
2016-06-21 22:37:21,175 DEBUG PositionWatcher:49 - prev values after update: 
2016-06-21 22:37:21,175 INFO  TradeBlotter:145 - position updating...
2016-06-21 22:37:21,376 DEBUG TradeBlotter:148 - pos n and f: 0 0
2016-06-21 22:37:21,376 INFO  TradeBlotter:152 - auxiliary data updating...
2016-06-21 22:37:21,376 DEBUG SpreadCalculator:54 - calculations in SC completed
2016-06-21 22:37:21,376 DEBUG TradeBlotter:155 - new auxiliary data: cSpr 0.6 cPh OFF_SEASON
2016-06-21 22:37:21,376 DEBUG FiniteStateAutomation:107 - auxiliary data updated
2016-06-21 22:37:21,376 DEBUG Algorithm:25 - Signal definition, market spreads:  spreadBID=0.6 spreadASK=0.6 spreadCALC=0.6
2016-06-21 22:37:21,376 DEBUG Algorithm:32 - phase is: OFF_SEASON
2016-06-21 22:37:21,376 INFO  FiniteStateAutomation:111 - current signal: NOTHING
2016-06-21 22:37:21,376 INFO  FiniteStateAutomation:168 - GO executed, pos status: 0 0
2016-06-21 22:37:21,376 DEBUG FiniteStateAutomation:59 - current command: GO
2016-06-21 22:37:21,376 INFO  FiniteStateAutomation:92 - execute GO
2016-06-21 22:37:21,376 INFO  TradeBlotter:127 - data updating...
2016-06-21 22:37:21,476 DEBUG TradeBlotter:137 - new market data: 49.73 29 49.74 13 50.33 37 50.34 4
2016-06-21 22:37:21,476 INFO  TradeBlotter:145 - position updating...
2016-06-21 22:37:21,677 DEBUG TradeBlotter:148 - pos n and f: 0 0
2016-06-21 22:37:21,677 DEBUG FiniteStateAutomation:97 - market and pos data updated
2016-06-21 22:37:21,677 DEBUG FiniteStateAutomation:98 - is pos equal: + 0 0 true
2016-06-21 22:37:21,677 DEBUG PositionWatcher:29 - cur values before update: 0 0
2016-06-21 22:37:21,677 DEBUG PositionWatcher:31 - cur values after update: 0 0
2016-06-21 22:37:21,677 DEBUG PositionWatcher:47 - prev values before update: 
2016-06-21 22:37:21,677 DEBUG PositionWatcher:49 - prev values after update: 
2016-06-21 22:37:21,677 INFO  TradeBlotter:145 - position updating...
2016-06-21 22:37:21,878 DEBUG TradeBlotter:148 - pos n and f: 0 0
2016-06-21 22:37:21,878 INFO  TradeBlotter:152 - auxiliary data updating...
2016-06-21 22:37:21,878 DEBUG SpreadCalculator:54 - calculations in SC completed
2016-06-21 22:37:21,878 DEBUG TradeBlotter:155 - new auxiliary data: cSpr 0.6 cPh OFF_SEASON
2016-06-21 22:37:21,878 DEBUG FiniteStateAutomation:107 - auxiliary data updated
2016-06-21 22:37:21,878 DEBUG Algorithm:25 - Signal definition, market spreads:  spreadBID=0.6 spreadASK=0.6 spreadCALC=0.6
2016-06-21 22:37:21,878 DEBUG Algorithm:32 - phase is: OFF_SEASON
2016-06-21 22:37:21,878 INFO  FiniteStateAutomation:111 - current signal: NOTHING
2016-06-21 22:37:21,878 INFO  FiniteStateAutomation:168 - GO executed, pos status: 0 0
2016-06-21 22:37:21,878 DEBUG FiniteStateAutomation:59 - current command: GO
2016-06-21 22:37:21,878 INFO  FiniteStateAutomation:92 - execute GO
2016-06-21 22:37:21,878 INFO  TradeBlotter:127 - data updating...
2016-06-21 22:37:21,979 DEBUG TradeBlotter:137 - new market data: 49.73 33 49.74 11 50.33 41 50.34 3
2016-06-21 22:37:21,979 INFO  TradeBlotter:145 - position updating...
2016-06-21 22:37:22,179 DEBUG TradeBlotter:148 - pos n and f: 0 0
2016-06-21 22:37:22,179 DEBUG FiniteStateAutomation:97 - market and pos data updated
2016-06-21 22:37:22,179 DEBUG FiniteStateAutomation:98 - is pos equal: + 0 0 true
2016-06-21 22:37:22,179 DEBUG PositionWatcher:29 - cur values before update: 0 0
2016-06-21 22:37:22,179 DEBUG PositionWatcher:31 - cur values after update: 0 0
2016-06-21 22:37:22,179 DEBUG PositionWatcher:47 - prev values before update: 
2016-06-21 22:37:22,179 DEBUG PositionWatcher:49 - prev values after update: 
2016-06-21 22:37:22,180 INFO  TradeBlotter:145 - position updating...
2016-06-21 22:37:22,380 DEBUG TradeBlotter:148 - pos n and f: 0 0
2016-06-21 22:37:22,380 INFO  TradeBlotter:152 - auxiliary data updating...
2016-06-21 22:37:22,380 DEBUG SpreadCalculator:54 - calculations in SC completed
2016-06-21 22:37:22,380 DEBUG TradeBlotter:155 - new auxiliary data: cSpr 0.6 cPh OFF_SEASON
2016-06-21 22:37:22,380 DEBUG FiniteStateAutomation:107 - auxiliary data updated
2016-06-21 22:37:22,380 DEBUG Algorithm:25 - Signal definition, market spreads:  spreadBID=0.6 spreadASK=0.6 spreadCALC=0.6
2016-06-21 22:37:22,381 DEBUG Algorithm:32 - phase is: OFF_SEASON
2016-06-21 22:37:22,381 INFO  FiniteStateAutomation:111 - current signal: NOTHING
2016-06-21 22:37:22,381 INFO  FiniteStateAutomation:168 - GO executed, pos status: 0 0
2016-06-21 22:37:22,381 DEBUG FiniteStateAutomation:59 - current command: GO
2016-06-21 22:37:22,381 INFO  FiniteStateAutomation:92 - execute GO
2016-06-21 22:37:22,381 INFO  TradeBlotter:127 - data updating...
2016-06-21 22:37:22,481 DEBUG TradeBlotter:137 - new market data: 49.73 33 49.74 11 50.33 41 50.34 3
2016-06-21 22:37:22,481 INFO  TradeBlotter:145 - position updating...
2016-06-21 22:37:22,681 DEBUG TradeBlotter:148 - pos n and f: 0 0
2016-06-21 22:37:22,681 DEBUG FiniteStateAutomation:97 - market and pos data updated
2016-06-21 22:37:22,681 DEBUG FiniteStateAutomation:98 - is pos equal: + 0 0 true
2016-06-21 22:37:22,681 DEBUG PositionWatcher:29 - cur values before update: 0 0
2016-06-21 22:37:22,681 DEBUG PositionWatcher:31 - cur values after update: 0 0
2016-06-21 22:37:22,681 DEBUG PositionWatcher:47 - prev values before update: 
2016-06-21 22:37:22,681 DEBUG PositionWatcher:49 - prev values after update: 
2016-06-21 22:37:22,681 INFO  TradeBlotter:145 - position updating...
2016-06-21 22:37:22,882 DEBUG TradeBlotter:148 - pos n and f: 0 0
2016-06-21 22:37:22,882 INFO  TradeBlotter:152 - auxiliary data updating...
2016-06-21 22:37:22,882 DEBUG SpreadCalculator:54 - calculations in SC completed
2016-06-21 22:37:22,882 DEBUG TradeBlotter:155 - new auxiliary data: cSpr 0.6 cPh OFF_SEASON
2016-06-21 22:37:22,882 DEBUG FiniteStateAutomation:107 - auxiliary data updated
2016-06-21 22:37:22,882 DEBUG Algorithm:25 - Signal definition, market spreads:  spreadBID=0.6 spreadASK=0.6 spreadCALC=0.6
2016-06-21 22:37:22,883 DEBUG Algorithm:32 - phase is: OFF_SEASON
2016-06-21 22:37:22,883 INFO  FiniteStateAutomation:111 - current signal: NOTHING
2016-06-21 22:37:22,883 INFO  FiniteStateAutomation:168 - GO executed, pos status: 0 0
2016-06-21 22:37:22,883 DEBUG FiniteStateAutomation:59 - current command: GO
2016-06-21 22:37:22,883 INFO  FiniteStateAutomation:92 - execute GO
2016-06-21 22:37:22,883 INFO  TradeBlotter:127 - data updating...
2016-06-21 22:37:22,983 DEBUG TradeBlotter:137 - new market data: 49.73 33 49.74 11 50.33 41 50.34 3
2016-06-21 22:37:22,983 INFO  TradeBlotter:145 - position updating...
2016-06-21 22:37:23,183 DEBUG TradeBlotter:148 - pos n and f: 0 0
2016-06-21 22:37:23,183 DEBUG FiniteStateAutomation:97 - market and pos data updated
2016-06-21 22:37:23,183 DEBUG FiniteStateAutomation:98 - is pos equal: + 0 0 true
2016-06-21 22:37:23,183 DEBUG PositionWatcher:29 - cur values before update: 0 0
2016-06-21 22:37:23,183 DEBUG PositionWatcher:31 - cur values after update: 0 0
2016-06-21 22:37:23,183 DEBUG PositionWatcher:47 - prev values before update: 
2016-06-21 22:37:23,183 DEBUG PositionWatcher:49 - prev values after update: 
2016-06-21 22:37:23,183 INFO  TradeBlotter:145 - position updating...
2016-06-21 22:37:23,384 DEBUG TradeBlotter:148 - pos n and f: 0 0
2016-06-21 22:37:23,384 INFO  TradeBlotter:152 - auxiliary data updating...
2016-06-21 22:37:23,384 DEBUG SpreadCalculator:54 - calculations in SC completed
2016-06-21 22:37:23,384 DEBUG TradeBlotter:155 - new auxiliary data: cSpr 0.6 cPh OFF_SEASON
2016-06-21 22:37:23,384 DEBUG FiniteStateAutomation:107 - auxiliary data updated
2016-06-21 22:37:23,384 DEBUG Algorithm:25 - Signal definition, market spreads:  spreadBID=0.6 spreadASK=0.6 spreadCALC=0.6
2016-06-21 22:37:23,384 DEBUG Algorithm:32 - phase is: OFF_SEASON
2016-06-21 22:37:23,384 INFO  FiniteStateAutomation:111 - current signal: NOTHING
2016-06-21 22:37:23,384 INFO  FiniteStateAutomation:168 - GO executed, pos status: 0 0
2016-06-21 22:37:23,384 DEBUG FiniteStateAutomation:59 - current command: GO
2016-06-21 22:37:23,384 INFO  FiniteStateAutomation:92 - execute GO
2016-06-21 22:37:23,384 INFO  TradeBlotter:127 - data updating...
2016-06-21 22:37:23,484 DEBUG TradeBlotter:137 - new market data: 49.73 28 49.74 24 50.33 36 50.34 6
2016-06-21 22:37:23,484 INFO  TradeBlotter:145 - position updating...
2016-06-21 22:37:23,684 DEBUG TradeBlotter:148 - pos n and f: 0 0
2016-06-21 22:37:23,684 DEBUG FiniteStateAutomation:97 - market and pos data updated
2016-06-21 22:37:23,684 DEBUG FiniteStateAutomation:98 - is pos equal: + 0 0 true
2016-06-21 22:37:23,684 DEBUG PositionWatcher:29 - cur values before update: 0 0
2016-06-21 22:37:23,684 DEBUG PositionWatcher:31 - cur values after update: 0 0
2016-06-21 22:37:23,684 DEBUG PositionWatcher:47 - prev values before update: 
2016-06-21 22:37:23,684 DEBUG PositionWatcher:49 - prev values after update: 
2016-06-21 22:37:23,684 INFO  TradeBlotter:145 - position updating...
2016-06-21 22:37:23,888 DEBUG TradeBlotter:148 - pos n and f: 0 0
2016-06-21 22:37:23,888 INFO  TradeBlotter:152 - auxiliary data updating...
2016-06-21 22:37:23,888 DEBUG SpreadCalculator:54 - calculations in SC completed
2016-06-21 22:37:23,888 DEBUG TradeBlotter:155 - new auxiliary data: cSpr 0.6 cPh OFF_SEASON
2016-06-21 22:37:23,888 DEBUG FiniteStateAutomation:107 - auxiliary data updated
2016-06-21 22:37:23,888 DEBUG Algorithm:25 - Signal definition, market spreads:  spreadBID=0.6 spreadASK=0.6 spreadCALC=0.6
2016-06-21 22:37:23,888 DEBUG Algorithm:32 - phase is: OFF_SEASON
2016-06-21 22:37:23,888 INFO  FiniteStateAutomation:111 - current signal: NOTHING
2016-06-21 22:37:23,888 INFO  FiniteStateAutomation:168 - GO executed, pos status: 0 0
2016-06-21 22:37:23,888 DEBUG FiniteStateAutomation:59 - current command: GO
2016-06-21 22:37:23,888 INFO  FiniteStateAutomation:92 - execute GO
2016-06-21 22:37:23,888 INFO  TradeBlotter:127 - data updating...
2016-06-21 22:37:23,988 DEBUG TradeBlotter:137 - new market data: 49.73 28 49.74 24 50.33 36 50.34 6
2016-06-21 22:37:23,988 INFO  TradeBlotter:145 - position updating...
2016-06-21 22:37:24,189 DEBUG TradeBlotter:148 - pos n and f: 0 0
2016-06-21 22:37:24,189 DEBUG FiniteStateAutomation:97 - market and pos data updated
2016-06-21 22:37:24,189 DEBUG FiniteStateAutomation:98 - is pos equal: + 0 0 true
2016-06-21 22:37:24,189 DEBUG PositionWatcher:29 - cur values before update: 0 0
2016-06-21 22:37:24,189 DEBUG PositionWatcher:31 - cur values after update: 0 0
2016-06-21 22:37:24,189 DEBUG PositionWatcher:47 - prev values before update: 
2016-06-21 22:37:24,189 DEBUG PositionWatcher:49 - prev values after update: 
2016-06-21 22:37:24,189 INFO  TradeBlotter:145 - position updating...
2016-06-21 22:37:24,393 DEBUG TradeBlotter:148 - pos n and f: 0 0
2016-06-21 22:37:24,393 INFO  TradeBlotter:152 - auxiliary data updating...
2016-06-21 22:37:24,393 DEBUG SpreadCalculator:54 - calculations in SC completed
2016-06-21 22:37:24,393 DEBUG TradeBlotter:155 - new auxiliary data: cSpr 0.6 cPh OFF_SEASON
2016-06-21 22:37:24,393 DEBUG FiniteStateAutomation:107 - auxiliary data updated
2016-06-21 22:37:24,393 DEBUG Algorithm:25 - Signal definition, market spreads:  spreadBID=0.6 spreadASK=0.6 spreadCALC=0.6
2016-06-21 22:37:24,393 DEBUG Algorithm:32 - phase is: OFF_SEASON
2016-06-21 22:37:24,393 INFO  FiniteStateAutomation:111 - current signal: NOTHING
2016-06-21 22:37:24,393 INFO  FiniteStateAutomation:168 - GO executed, pos status: 0 0
2016-06-21 22:37:24,393 DEBUG FiniteStateAutomation:59 - current command: GO
2016-06-21 22:37:24,393 INFO  FiniteStateAutomation:92 - execute GO
2016-06-21 22:37:24,393 INFO  TradeBlotter:127 - data updating...
2016-06-21 22:37:24,494 DEBUG TradeBlotter:137 - new market data: 49.73 29 49.74 20 50.33 37 50.34 5
2016-06-21 22:37:24,494 INFO  TradeBlotter:145 - position updating...
2016-06-21 22:37:24,697 DEBUG TradeBlotter:148 - pos n and f: 0 0
2016-06-21 22:37:24,697 DEBUG FiniteStateAutomation:97 - market and pos data updated
2016-06-21 22:37:24,697 DEBUG FiniteStateAutomation:98 - is pos equal: + 0 0 true
2016-06-21 22:37:24,698 DEBUG PositionWatcher:29 - cur values before update: 0 0
2016-06-21 22:37:24,698 DEBUG PositionWatcher:31 - cur values after update: 0 0
2016-06-21 22:37:24,698 DEBUG PositionWatcher:47 - prev values before update: 
2016-06-21 22:37:24,698 DEBUG PositionWatcher:49 - prev values after update: 
2016-06-21 22:37:24,698 INFO  TradeBlotter:145 - position updating...
2016-06-21 22:37:24,899 DEBUG TradeBlotter:148 - pos n and f: 0 0
2016-06-21 22:37:24,899 INFO  TradeBlotter:152 - auxiliary data updating...
2016-06-21 22:37:24,899 DEBUG SpreadCalculator:54 - calculations in SC completed
2016-06-21 22:37:24,899 DEBUG TradeBlotter:155 - new auxiliary data: cSpr 0.6 cPh OFF_SEASON
2016-06-21 22:37:24,899 DEBUG FiniteStateAutomation:107 - auxiliary data updated
2016-06-21 22:37:24,899 DEBUG Algorithm:25 - Signal definition, market spreads:  spreadBID=0.6 spreadASK=0.6 spreadCALC=0.6
2016-06-21 22:37:24,899 DEBUG Algorithm:32 - phase is: OFF_SEASON
2016-06-21 22:37:24,899 INFO  FiniteStateAutomation:111 - current signal: NOTHING
2016-06-21 22:37:24,899 INFO  FiniteStateAutomation:168 - GO executed, pos status: 0 0
2016-06-21 22:37:24,899 DEBUG FiniteStateAutomation:59 - current command: GO
2016-06-21 22:37:24,899 INFO  FiniteStateAutomation:92 - execute GO
2016-06-21 22:37:24,899 INFO  TradeBlotter:127 - data updating...
2016-06-21 22:37:24,999 DEBUG TradeBlotter:137 - new market data: 49.73 30 49.74 16 50.33 40 50.34 3
2016-06-21 22:37:24,999 INFO  TradeBlotter:145 - position updating...
2016-06-21 22:37:25,199 DEBUG TradeBlotter:148 - pos n and f: 0 0
2016-06-21 22:37:25,199 DEBUG FiniteStateAutomation:97 - market and pos data updated
2016-06-21 22:37:25,199 DEBUG FiniteStateAutomation:98 - is pos equal: + 0 0 true
2016-06-21 22:37:25,199 DEBUG PositionWatcher:29 - cur values before update: 0 0
2016-06-21 22:37:25,199 DEBUG PositionWatcher:31 - cur values after update: 0 0
2016-06-21 22:37:25,199 DEBUG PositionWatcher:47 - prev values before update: 
2016-06-21 22:37:25,199 DEBUG PositionWatcher:49 - prev values after update: 
2016-06-21 22:37:25,199 INFO  TradeBlotter:145 - position updating...
2016-06-21 22:37:25,400 DEBUG TradeBlotter:148 - pos n and f: 0 0
2016-06-21 22:37:25,400 INFO  TradeBlotter:152 - auxiliary data updating...
2016-06-21 22:37:25,400 DEBUG SpreadCalculator:54 - calculations in SC completed
2016-06-21 22:37:25,400 DEBUG TradeBlotter:155 - new auxiliary data: cSpr 0.6 cPh OFF_SEASON
2016-06-21 22:37:25,400 DEBUG FiniteStateAutomation:107 - auxiliary data updated
2016-06-21 22:37:25,400 DEBUG Algorithm:25 - Signal definition, market spreads:  spreadBID=0.6 spreadASK=0.6 spreadCALC=0.6
2016-06-21 22:37:25,400 DEBUG Algorithm:32 - phase is: OFF_SEASON
2016-06-21 22:37:25,400 INFO  FiniteStateAutomation:111 - current signal: NOTHING
2016-06-21 22:37:25,400 INFO  FiniteStateAutomation:168 - GO executed, pos status: 0 0
2016-06-21 22:37:25,400 DEBUG FiniteStateAutomation:59 - current command: GJ
2016-06-21 22:37:25,400 INFO  FiniteStateAutomation:173 - execute GJ
2016-06-21 22:37:25,401 INFO  FiniteStateAutomation:176 - GJ executed
